{"C:\\Users\\mpumi\\Microverse\\to-do-planner\\src\\checkBox.js": {"path":"C:\\Users\\mpumi\\Microverse\\to-do-planner\\src\\checkBox.js","statementMap":{"0":{"start":{"line":3,"column":4},"end":{"line":3,"column":48}},"1":{"start":{"line":4,"column":4},"end":{"line":4,"column":32}},"2":{"start":{"line":5,"column":4},"end":{"line":5,"column":39}},"3":{"start":{"line":7,"column":4},"end":{"line":15,"column":7}},"4":{"start":{"line":8,"column":6},"end":{"line":8,"column":41}},"5":{"start":{"line":9,"column":6},"end":{"line":13,"column":7}},"6":{"start":{"line":10,"column":8},"end":{"line":10,"column":59}},"7":{"start":{"line":12,"column":8},"end":{"line":12,"column":51}},"8":{"start":{"line":14,"column":6},"end":{"line":14,"column":19}}},"fnMap":{"0":{"name":"(anonymous_0)","decl":{"start":{"line":2,"column":2},"end":{"line":2,"column":3}},"loc":{"start":{"line":2,"column":26},"end":{"line":16,"column":3}},"line":2},"1":{"name":"(anonymous_1)","decl":{"start":{"line":7,"column":41},"end":{"line":7,"column":42}},"loc":{"start":{"line":7,"column":47},"end":{"line":15,"column":5}},"line":7}},"branchMap":{"0":{"loc":{"start":{"line":9,"column":6},"end":{"line":13,"column":7}},"type":"if","locations":[{"start":{"line":9,"column":6},"end":{"line":13,"column":7}},{"start":{"line":11,"column":13},"end":{"line":13,"column":7}}],"line":9}},"s":{"0":13,"1":13,"2":13,"3":13,"4":0,"5":0,"6":0,"7":0,"8":0},"f":{"0":13,"1":0},"b":{"0":[0,0]},"_coverageSchema":"1a1c01bbd47fc00a2c39e90264f33305004495a9","hash":"eab733603a2ab93ebdc273493e3bec9cb18fca41"}
,"C:\\Users\\mpumi\\Microverse\\to-do-planner\\src\\list.js": {"path":"C:\\Users\\mpumi\\Microverse\\to-do-planner\\src\\list.js","statementMap":{"0":{"start":{"line":5,"column":4},"end":{"line":5,"column":27}},"1":{"start":{"line":6,"column":4},"end":{"line":9,"column":5}},"2":{"start":{"line":7,"column":6},"end":{"line":7,"column":22}},"3":{"start":{"line":8,"column":6},"end":{"line":8,"column":13}},"4":{"start":{"line":11,"column":4},"end":{"line":11,"column":23}},"5":{"start":{"line":12,"column":4},"end":{"line":12,"column":49}},"6":{"start":{"line":12,"column":30},"end":{"line":12,"column":47}},"7":{"start":{"line":16,"column":4},"end":{"line":16,"column":29}},"8":{"start":{"line":19,"column":8},"end":{"line":28,"column":3}},"9":{"start":{"line":20,"column":4},"end":{"line":22,"column":5}},"10":{"start":{"line":21,"column":6},"end":{"line":21,"column":13}},"11":{"start":{"line":24,"column":4},"end":{"line":24,"column":39}},"12":{"start":{"line":25,"column":4},"end":{"line":25,"column":26}},"13":{"start":{"line":26,"column":4},"end":{"line":26,"column":28}},"14":{"start":{"line":27,"column":4},"end":{"line":27,"column":17}},"15":{"start":{"line":30,"column":11},"end":{"line":35,"column":3}},"16":{"start":{"line":31,"column":14},"end":{"line":31,"column":24}},"17":{"start":{"line":32,"column":4},"end":{"line":32,"column":32}},"18":{"start":{"line":33,"column":4},"end":{"line":33,"column":22}},"19":{"start":{"line":34,"column":4},"end":{"line":34,"column":17}},"20":{"start":{"line":37,"column":22},"end":{"line":45,"column":3}},"21":{"start":{"line":38,"column":4},"end":{"line":43,"column":7}},"22":{"start":{"line":39,"column":6},"end":{"line":41,"column":7}},"23":{"start":{"line":40,"column":8},"end":{"line":40,"column":26}},"24":{"start":{"line":42,"column":6},"end":{"line":42,"column":29}},"25":{"start":{"line":44,"column":4},"end":{"line":44,"column":17}},"26":{"start":{"line":47,"column":17},"end":{"line":52,"column":3}},"27":{"start":{"line":48,"column":16},"end":{"line":48,"column":45}},"28":{"start":{"line":49,"column":4},"end":{"line":49,"column":23}},"29":{"start":{"line":50,"column":4},"end":{"line":50,"column":25}},"30":{"start":{"line":51,"column":4},"end":{"line":51,"column":34}},"31":{"start":{"line":54,"column":14},"end":{"line":56,"column":3}},"32":{"start":{"line":55,"column":4},"end":{"line":55,"column":58}},"33":{"start":{"line":55,"column":33},"end":{"line":55,"column":56}},"34":{"start":{"line":58,"column":10},"end":{"line":68,"column":3}},"35":{"start":{"line":59,"column":4},"end":{"line":59,"column":28}},"36":{"start":{"line":59,"column":21},"end":{"line":59,"column":28}},"37":{"start":{"line":61,"column":17},"end":{"line":61,"column":19}},"38":{"start":{"line":62,"column":4},"end":{"line":65,"column":7}},"39":{"start":{"line":63,"column":6},"end":{"line":63,"column":29}},"40":{"start":{"line":64,"column":6},"end":{"line":64,"column":51}},"41":{"start":{"line":66,"column":4},"end":{"line":66,"column":52}},"42":{"start":{"line":67,"column":4},"end":{"line":67,"column":42}},"43":{"start":{"line":70,"column":20},"end":{"line":93,"column":3}},"44":{"start":{"line":71,"column":20},"end":{"line":71,"column":49}},"45":{"start":{"line":73,"column":4},"end":{"line":73,"column":29}},"46":{"start":{"line":75,"column":4},"end":{"line":75,"column":29}},"47":{"start":{"line":75,"column":20},"end":{"line":75,"column":27}},"48":{"start":{"line":76,"column":20},"end":{"line":76,"column":38}},"49":{"start":{"line":78,"column":4},"end":{"line":78,"column":38}},"50":{"start":{"line":78,"column":29},"end":{"line":78,"column":36}},"51":{"start":{"line":80,"column":4},"end":{"line":83,"column":7}},"52":{"start":{"line":81,"column":18},"end":{"line":81,"column":36}},"53":{"start":{"line":82,"column":6},"end":{"line":82,"column":60}},"54":{"start":{"line":85,"column":4},"end":{"line":91,"column":7}},"55":{"start":{"line":86,"column":6},"end":{"line":88,"column":7}},"56":{"start":{"line":87,"column":8},"end":{"line":87,"column":15}},"57":{"start":{"line":89,"column":6},"end":{"line":89,"column":37}},"58":{"start":{"line":90,"column":6},"end":{"line":90,"column":30}},"59":{"start":{"line":92,"column":4},"end":{"line":92,"column":17}}},"fnMap":{"0":{"name":"(anonymous_0)","decl":{"start":{"line":4,"column":2},"end":{"line":4,"column":3}},"loc":{"start":{"line":4,"column":37},"end":{"line":13,"column":3}},"line":4},"1":{"name":"(anonymous_1)","decl":{"start":{"line":12,"column":20},"end":{"line":12,"column":21}},"loc":{"start":{"line":12,"column":30},"end":{"line":12,"column":47}},"line":12},"2":{"name":"(anonymous_2)","decl":{"start":{"line":15,"column":2},"end":{"line":15,"column":3}},"loc":{"start":{"line":15,"column":14},"end":{"line":17,"column":3}},"line":15},"3":{"name":"(anonymous_3)","decl":{"start":{"line":19,"column":8},"end":{"line":19,"column":9}},"loc":{"start":{"line":19,"column":18},"end":{"line":28,"column":3}},"line":19},"4":{"name":"(anonymous_4)","decl":{"start":{"line":30,"column":11},"end":{"line":30,"column":12}},"loc":{"start":{"line":30,"column":21},"end":{"line":35,"column":3}},"line":30},"5":{"name":"(anonymous_5)","decl":{"start":{"line":37,"column":22},"end":{"line":37,"column":23}},"loc":{"start":{"line":37,"column":28},"end":{"line":45,"column":3}},"line":37},"6":{"name":"(anonymous_6)","decl":{"start":{"line":38,"column":35},"end":{"line":38,"column":36}},"loc":{"start":{"line":38,"column":45},"end":{"line":43,"column":5}},"line":38},"7":{"name":"(anonymous_7)","decl":{"start":{"line":47,"column":17},"end":{"line":47,"column":18}},"loc":{"start":{"line":47,"column":27},"end":{"line":52,"column":3}},"line":47},"8":{"name":"(anonymous_8)","decl":{"start":{"line":54,"column":14},"end":{"line":54,"column":15}},"loc":{"start":{"line":54,"column":20},"end":{"line":56,"column":3}},"line":54},"9":{"name":"(anonymous_9)","decl":{"start":{"line":55,"column":23},"end":{"line":55,"column":24}},"loc":{"start":{"line":55,"column":33},"end":{"line":55,"column":56}},"line":55},"10":{"name":"(anonymous_10)","decl":{"start":{"line":58,"column":10},"end":{"line":58,"column":11}},"loc":{"start":{"line":58,"column":16},"end":{"line":68,"column":3}},"line":58},"11":{"name":"(anonymous_11)","decl":{"start":{"line":62,"column":23},"end":{"line":62,"column":24}},"loc":{"start":{"line":62,"column":40},"end":{"line":65,"column":5}},"line":62},"12":{"name":"(anonymous_12)","decl":{"start":{"line":70,"column":20},"end":{"line":70,"column":21}},"loc":{"start":{"line":70,"column":26},"end":{"line":93,"column":3}},"line":70},"13":{"name":"(anonymous_13)","decl":{"start":{"line":80,"column":29},"end":{"line":80,"column":30}},"loc":{"start":{"line":80,"column":41},"end":{"line":83,"column":5}},"line":80},"14":{"name":"(anonymous_14)","decl":{"start":{"line":85,"column":23},"end":{"line":85,"column":24}},"loc":{"start":{"line":85,"column":33},"end":{"line":91,"column":5}},"line":85}},"branchMap":{"0":{"loc":{"start":{"line":4,"column":23},"end":{"line":4,"column":35}},"type":"default-arg","locations":[{"start":{"line":4,"column":31},"end":{"line":4,"column":35}}],"line":4},"1":{"loc":{"start":{"line":6,"column":4},"end":{"line":9,"column":5}},"type":"if","locations":[{"start":{"line":6,"column":4},"end":{"line":9,"column":5}},{"start":{},"end":{}}],"line":6},"2":{"loc":{"start":{"line":20,"column":4},"end":{"line":22,"column":5}},"type":"if","locations":[{"start":{"line":20,"column":4},"end":{"line":22,"column":5}},{"start":{},"end":{}}],"line":20},"3":{"loc":{"start":{"line":20,"column":8},"end":{"line":20,"column":64}},"type":"binary-expr","locations":[{"start":{"line":20,"column":8},"end":{"line":20,"column":13}},{"start":{"line":20,"column":17},"end":{"line":20,"column":41}},{"start":{"line":20,"column":45},"end":{"line":20,"column":64}}],"line":20},"4":{"loc":{"start":{"line":39,"column":6},"end":{"line":41,"column":7}},"type":"if","locations":[{"start":{"line":39,"column":6},"end":{"line":41,"column":7}},{"start":{},"end":{}}],"line":39},"5":{"loc":{"start":{"line":59,"column":4},"end":{"line":59,"column":28}},"type":"if","locations":[{"start":{"line":59,"column":4},"end":{"line":59,"column":28}},{"start":{},"end":{}}],"line":59},"6":{"loc":{"start":{"line":75,"column":4},"end":{"line":75,"column":29}},"type":"if","locations":[{"start":{"line":75,"column":4},"end":{"line":75,"column":29}},{"start":{},"end":{}}],"line":75},"7":{"loc":{"start":{"line":78,"column":4},"end":{"line":78,"column":38}},"type":"if","locations":[{"start":{"line":78,"column":4},"end":{"line":78,"column":38}},{"start":{},"end":{}}],"line":78},"8":{"loc":{"start":{"line":86,"column":6},"end":{"line":88,"column":7}},"type":"if","locations":[{"start":{"line":86,"column":6},"end":{"line":88,"column":7}},{"start":{},"end":{}}],"line":86}},"s":{"0":4,"1":4,"2":0,"3":0,"4":4,"5":4,"6":0,"7":13,"8":4,"9":16,"10":16,"11":0,"12":0,"13":0,"14":0,"15":4,"16":1,"17":1,"18":1,"19":0,"20":4,"21":0,"22":0,"23":0,"24":0,"25":0,"26":4,"27":0,"28":0,"29":0,"30":0,"31":4,"32":0,"33":0,"34":4,"35":2,"36":0,"37":2,"38":2,"39":0,"40":0,"41":2,"42":2,"43":4,"44":0,"45":0,"46":0,"47":0,"48":0,"49":0,"50":0,"51":0,"52":0,"53":0,"54":0,"55":0,"56":0,"57":0,"58":0,"59":0},"f":{"0":4,"1":0,"2":13,"3":16,"4":1,"5":0,"6":0,"7":0,"8":0,"9":0,"10":2,"11":0,"12":0,"13":0,"14":0},"b":{"0":[0],"1":[0,4],"2":[16,0],"3":[16,15,13],"4":[0,0],"5":[0,2],"6":[0,0],"7":[0,0],"8":[0,0]},"_coverageSchema":"1a1c01bbd47fc00a2c39e90264f33305004495a9","hash":"65d176d2fa00aceace751725a365193593c899ca"}
,"C:\\Users\\mpumi\\Microverse\\to-do-planner\\src\\task.js": {"path":"C:\\Users\\mpumi\\Microverse\\to-do-planner\\src\\task.js","statementMap":{"0":{"start":{"line":6,"column":4},"end":{"line":6,"column":32}},"1":{"start":{"line":7,"column":4},"end":{"line":7,"column":31}},"2":{"start":{"line":8,"column":4},"end":{"line":8,"column":35}},"3":{"start":{"line":10,"column":4},"end":{"line":10,"column":45}},"4":{"start":{"line":11,"column":4},"end":{"line":11,"column":43}},"5":{"start":{"line":12,"column":4},"end":{"line":12,"column":51}},"6":{"start":{"line":13,"column":4},"end":{"line":13,"column":49}},"7":{"start":{"line":14,"column":4},"end":{"line":18,"column":7}},"8":{"start":{"line":15,"column":6},"end":{"line":15,"column":45}},"9":{"start":{"line":15,"column":27},"end":{"line":15,"column":45}},"10":{"start":{"line":17,"column":6},"end":{"line":17,"column":37}},"11":{"start":{"line":19,"column":4},"end":{"line":19,"column":49}},"12":{"start":{"line":20,"column":4},"end":{"line":20,"column":73}},"13":{"start":{"line":21,"column":4},"end":{"line":21,"column":42}},"14":{"start":{"line":22,"column":4},"end":{"line":24,"column":7}},"15":{"start":{"line":23,"column":6},"end":{"line":23,"column":37}},"16":{"start":{"line":27,"column":14},"end":{"line":27,"column":37}},"17":{"start":{"line":29,"column":20},"end":{"line":39,"column":3}},"18":{"start":{"line":30,"column":4},"end":{"line":38,"column":5}},"19":{"start":{"line":31,"column":6},"end":{"line":31,"column":78}},"20":{"start":{"line":32,"column":6},"end":{"line":32,"column":40}},"21":{"start":{"line":33,"column":6},"end":{"line":33,"column":44}},"22":{"start":{"line":35,"column":6},"end":{"line":35,"column":66}},"23":{"start":{"line":36,"column":6},"end":{"line":36,"column":41}},"24":{"start":{"line":37,"column":6},"end":{"line":37,"column":45}},"25":{"start":{"line":42,"column":4},"end":{"line":42,"column":31}},"26":{"start":{"line":43,"column":4},"end":{"line":43,"column":23}},"27":{"start":{"line":44,"column":4},"end":{"line":44,"column":35}},"28":{"start":{"line":45,"column":4},"end":{"line":45,"column":47}},"29":{"start":{"line":46,"column":4},"end":{"line":46,"column":31}},"30":{"start":{"line":47,"column":4},"end":{"line":47,"column":27}},"31":{"start":{"line":51,"column":4},"end":{"line":51,"column":25}},"32":{"start":{"line":54,"column":15},"end":{"line":56,"column":3}},"33":{"start":{"line":55,"column":4},"end":{"line":55,"column":43}},"34":{"start":{"line":59,"column":4},"end":{"line":59,"column":40}},"35":{"start":{"line":60,"column":4},"end":{"line":60,"column":39}},"36":{"start":{"line":61,"column":4},"end":{"line":61,"column":31}},"37":{"start":{"line":62,"column":4},"end":{"line":62,"column":33}}},"fnMap":{"0":{"name":"(anonymous_0)","decl":{"start":{"line":5,"column":2},"end":{"line":5,"column":3}},"loc":{"start":{"line":5,"column":44},"end":{"line":25,"column":3}},"line":5},"1":{"name":"(anonymous_1)","decl":{"start":{"line":14,"column":42},"end":{"line":14,"column":43}},"loc":{"start":{"line":14,"column":48},"end":{"line":18,"column":5}},"line":14},"2":{"name":"(anonymous_2)","decl":{"start":{"line":22,"column":40},"end":{"line":22,"column":41}},"loc":{"start":{"line":22,"column":46},"end":{"line":24,"column":5}},"line":22},"3":{"name":"(anonymous_3)","decl":{"start":{"line":29,"column":20},"end":{"line":29,"column":21}},"loc":{"start":{"line":29,"column":26},"end":{"line":39,"column":3}},"line":29},"4":{"name":"(anonymous_4)","decl":{"start":{"line":41,"column":2},"end":{"line":41,"column":3}},"loc":{"start":{"line":41,"column":18},"end":{"line":48,"column":3}},"line":41},"5":{"name":"(anonymous_5)","decl":{"start":{"line":50,"column":2},"end":{"line":50,"column":3}},"loc":{"start":{"line":50,"column":16},"end":{"line":52,"column":3}},"line":50},"6":{"name":"(anonymous_6)","decl":{"start":{"line":54,"column":15},"end":{"line":54,"column":16}},"loc":{"start":{"line":54,"column":21},"end":{"line":56,"column":3}},"line":54},"7":{"name":"(anonymous_7)","decl":{"start":{"line":58,"column":2},"end":{"line":58,"column":3}},"loc":{"start":{"line":58,"column":16},"end":{"line":63,"column":3}},"line":58}},"branchMap":{"0":{"loc":{"start":{"line":15,"column":6},"end":{"line":15,"column":45}},"type":"if","locations":[{"start":{"line":15,"column":6},"end":{"line":15,"column":45}},{"start":{},"end":{}}],"line":15},"1":{"loc":{"start":{"line":27,"column":14},"end":{"line":27,"column":37}},"type":"binary-expr","locations":[{"start":{"line":27,"column":14},"end":{"line":27,"column":28}},{"start":{"line":27,"column":32},"end":{"line":27,"column":37}}],"line":27},"2":{"loc":{"start":{"line":30,"column":4},"end":{"line":38,"column":5}},"type":"if","locations":[{"start":{"line":30,"column":4},"end":{"line":38,"column":5}},{"start":{"line":34,"column":11},"end":{"line":38,"column":5}}],"line":30}},"s":{"0":13,"1":13,"2":13,"3":13,"4":13,"5":13,"6":13,"7":13,"8":0,"9":0,"10":0,"11":13,"12":13,"13":13,"14":13,"15":0,"16":13,"17":13,"18":2,"19":1,"20":1,"21":1,"22":1,"23":1,"24":1,"25":2,"26":2,"27":2,"28":2,"29":2,"30":2,"31":2,"32":13,"33":1,"34":0,"35":0,"36":0,"37":0},"f":{"0":13,"1":0,"2":0,"3":2,"4":2,"5":2,"6":1,"7":0},"b":{"0":[0,0],"1":[13,13],"2":[1,1]},"_coverageSchema":"1a1c01bbd47fc00a2c39e90264f33305004495a9","hash":"15afeeb9879de340991ad3ba598bdfdc70be5a5a"}
,"C:\\Users\\mpumi\\Microverse\\to-do-planner\\src\\textBox.js": {"path":"C:\\Users\\mpumi\\Microverse\\to-do-planner\\src\\textBox.js","statementMap":{"0":{"start":{"line":3,"column":4},"end":{"line":3,"column":48}},"1":{"start":{"line":4,"column":4},"end":{"line":4,"column":39}},"2":{"start":{"line":6,"column":4},"end":{"line":9,"column":7}},"3":{"start":{"line":7,"column":6},"end":{"line":7,"column":41}},"4":{"start":{"line":8,"column":6},"end":{"line":8,"column":19}},"5":{"start":{"line":12,"column":23},"end":{"line":16,"column":3}},"6":{"start":{"line":13,"column":4},"end":{"line":13,"column":28}},"7":{"start":{"line":14,"column":4},"end":{"line":14,"column":27}},"8":{"start":{"line":15,"column":4},"end":{"line":15,"column":17}}},"fnMap":{"0":{"name":"(anonymous_0)","decl":{"start":{"line":2,"column":2},"end":{"line":2,"column":3}},"loc":{"start":{"line":2,"column":26},"end":{"line":10,"column":3}},"line":2},"1":{"name":"(anonymous_1)","decl":{"start":{"line":6,"column":40},"end":{"line":6,"column":41}},"loc":{"start":{"line":6,"column":46},"end":{"line":9,"column":5}},"line":6},"2":{"name":"(anonymous_2)","decl":{"start":{"line":12,"column":23},"end":{"line":12,"column":24}},"loc":{"start":{"line":12,"column":33},"end":{"line":16,"column":3}},"line":12}},"branchMap":{},"s":{"0":13,"1":13,"2":13,"3":0,"4":0,"5":13,"6":1,"7":0,"8":0},"f":{"0":13,"1":0,"2":1},"b":{},"_coverageSchema":"1a1c01bbd47fc00a2c39e90264f33305004495a9","hash":"9af40a2524ae9c7dd1b188f992e7a6680eac4fd1"}
}
