TN:
SF:src\checkBox.js
FN:2,(anonymous_0)
FN:7,(anonymous_1)
FNF:2
FNH:1
FNDA:2,(anonymous_0)
FNDA:0,(anonymous_1)
DA:3,2
DA:4,2
DA:5,2
DA:7,2
DA:8,0
DA:9,0
DA:10,0
DA:12,0
DA:14,0
LF:9
LH:4
BRDA:9,0,0,0
BRDA:9,0,1,0
BRF:2
BRH:0
end_of_record
TN:
SF:src\list.js
FN:4,(anonymous_0)
FN:12,(anonymous_1)
FN:15,(anonymous_2)
FN:19,(anonymous_3)
FN:30,(anonymous_4)
FN:37,(anonymous_5)
FN:38,(anonymous_6)
FN:47,(anonymous_7)
FN:54,(anonymous_8)
FN:55,(anonymous_9)
FN:58,(anonymous_10)
FN:62,(anonymous_11)
FN:70,(anonymous_12)
FN:80,(anonymous_13)
FN:85,(anonymous_14)
FNF:15
FNH:7
FNDA:2,(anonymous_0)
FNDA:0,(anonymous_1)
FNDA:2,(anonymous_2)
FNDA:2,(anonymous_3)
FNDA:1,(anonymous_4)
FNDA:0,(anonymous_5)
FNDA:0,(anonymous_6)
FNDA:2,(anonymous_7)
FNDA:0,(anonymous_8)
FNDA:0,(anonymous_9)
FNDA:3,(anonymous_10)
FNDA:2,(anonymous_11)
FNDA:0,(anonymous_12)
FNDA:0,(anonymous_13)
FNDA:0,(anonymous_14)
DA:5,2
DA:6,2
DA:7,0
DA:8,0
DA:11,2
DA:12,2
DA:16,2
DA:19,2
DA:20,2
DA:21,0
DA:24,2
DA:25,2
DA:26,2
DA:27,2
DA:30,2
DA:31,1
DA:32,1
DA:33,1
DA:34,1
DA:37,2
DA:38,0
DA:39,0
DA:40,0
DA:42,0
DA:44,0
DA:47,2
DA:48,2
DA:49,2
DA:50,2
DA:51,2
DA:54,2
DA:55,0
DA:58,2
DA:59,3
DA:61,3
DA:62,3
DA:63,2
DA:64,2
DA:66,3
DA:67,3
DA:70,2
DA:71,0
DA:73,0
DA:75,0
DA:76,0
DA:78,0
DA:80,0
DA:81,0
DA:82,0
DA:85,0
DA:86,0
DA:87,0
DA:89,0
DA:90,0
DA:92,0
LF:55
LH:32
BRDA:4,0,0,0
BRDA:6,1,0,0
BRDA:6,1,1,2
BRDA:20,2,0,0
BRDA:20,2,1,2
BRDA:39,3,0,0
BRDA:39,3,1,0
BRDA:59,4,0,0
BRDA:59,4,1,3
BRDA:75,5,0,0
BRDA:75,5,1,0
BRDA:78,6,0,0
BRDA:78,6,1,0
BRDA:86,7,0,0
BRDA:86,7,1,0
BRF:15
BRH:3
end_of_record
TN:
SF:src\task.js
FN:5,(anonymous_0)
FN:14,(anonymous_1)
FN:22,(anonymous_2)
FN:29,(anonymous_3)
FN:41,(anonymous_4)
FN:46,(anonymous_5)
FN:50,(anonymous_6)
FNF:7
FNH:5
FNDA:2,(anonymous_0)
FNDA:0,(anonymous_1)
FNDA:0,(anonymous_2)
FNDA:2,(anonymous_3)
FNDA:2,(anonymous_4)
FNDA:1,(anonymous_5)
FNDA:2,(anonymous_6)
DA:6,2
DA:7,2
DA:8,2
DA:10,2
DA:11,2
DA:12,2
DA:13,2
DA:14,2
DA:15,0
DA:17,0
DA:19,2
DA:20,2
DA:21,2
DA:22,2
DA:23,0
DA:27,2
DA:29,2
DA:30,2
DA:31,2
DA:32,2
DA:33,2
DA:35,0
DA:36,0
DA:37,0
DA:42,2
DA:43,2
DA:46,2
DA:47,1
DA:51,2
DA:52,2
DA:53,2
DA:54,2
LF:32
LH:26
BRDA:15,0,0,0
BRDA:15,0,1,0
BRDA:30,1,0,2
BRDA:30,1,1,0
BRF:4
BRH:1
end_of_record
TN:
SF:src\textBox.js
FN:2,(anonymous_0)
FN:6,(anonymous_1)
FNF:2
FNH:1
FNDA:2,(anonymous_0)
FNDA:0,(anonymous_1)
DA:3,2
DA:4,2
DA:6,2
DA:7,0
DA:8,0
LF:5
LH:3
BRF:0
BRH:0
end_of_record
