TN:
SF:src\checkBox.js
FN:2,(anonymous_0)
FN:7,(anonymous_1)
FNF:2
FNH:1
FNDA:14,(anonymous_0)
FNDA:0,(anonymous_1)
DA:3,14
DA:4,14
DA:5,14
DA:7,14
DA:8,0
DA:9,0
DA:10,0
DA:12,0
DA:14,0
LF:9
LH:4
BRDA:9,0,0,0
BRDA:9,0,1,0
BRF:2
BRH:0
end_of_record
TN:
SF:src\list.js
FN:4,(anonymous_0)
FN:12,(anonymous_1)
FN:15,(anonymous_2)
FN:19,(anonymous_3)
FN:30,(anonymous_4)
FN:37,(anonymous_5)
FN:38,(anonymous_6)
FN:47,(anonymous_7)
FN:54,(anonymous_8)
FN:55,(anonymous_9)
FN:58,(anonymous_10)
FN:62,(anonymous_11)
FN:70,(anonymous_12)
FN:80,(anonymous_13)
FN:85,(anonymous_14)
FNF:15
FNH:7
FNDA:2,(anonymous_0)
FNDA:0,(anonymous_1)
FNDA:14,(anonymous_2)
FNDA:17,(anonymous_3)
FNDA:5,(anonymous_4)
FNDA:0,(anonymous_5)
FNDA:0,(anonymous_6)
FNDA:14,(anonymous_7)
FNDA:0,(anonymous_8)
FNDA:0,(anonymous_9)
FNDA:19,(anonymous_10)
FNDA:62,(anonymous_11)
FNDA:0,(anonymous_12)
FNDA:0,(anonymous_13)
FNDA:0,(anonymous_14)
DA:5,2
DA:6,2
DA:7,0
DA:8,0
DA:11,2
DA:12,2
DA:16,14
DA:19,2
DA:20,17
DA:21,3
DA:24,14
DA:25,14
DA:26,14
DA:27,14
DA:30,2
DA:31,5
DA:32,5
DA:33,5
DA:34,5
DA:37,2
DA:38,0
DA:39,0
DA:40,0
DA:42,0
DA:44,0
DA:47,2
DA:48,14
DA:49,14
DA:50,14
DA:51,14
DA:54,2
DA:55,0
DA:58,2
DA:59,19
DA:61,19
DA:62,19
DA:63,62
DA:64,62
DA:66,19
DA:67,19
DA:70,2
DA:71,0
DA:73,0
DA:75,0
DA:76,0
DA:78,0
DA:80,0
DA:81,0
DA:82,0
DA:85,0
DA:86,0
DA:87,0
DA:89,0
DA:90,0
DA:92,0
LF:55
LH:33
BRDA:4,0,0,0
BRDA:6,1,0,0
BRDA:6,1,1,2
BRDA:20,2,0,3
BRDA:20,2,1,14
BRDA:20,3,0,17
BRDA:20,3,1,16
BRDA:20,3,2,14
BRDA:39,4,0,0
BRDA:39,4,1,0
BRDA:59,5,0,0
BRDA:59,5,1,19
BRDA:75,6,0,0
BRDA:75,6,1,0
BRDA:78,7,0,0
BRDA:78,7,1,0
BRDA:86,8,0,0
BRDA:86,8,1,0
BRF:18
BRH:7
end_of_record
TN:
SF:src\task.js
FN:5,(anonymous_0)
FN:14,(anonymous_1)
FN:22,(anonymous_2)
FN:29,(anonymous_3)
FN:41,(anonymous_4)
FN:46,(anonymous_5)
FN:50,(anonymous_6)
FNF:7
FNH:5
FNDA:14,(anonymous_0)
FNDA:0,(anonymous_1)
FNDA:0,(anonymous_2)
FNDA:14,(anonymous_3)
FNDA:14,(anonymous_4)
FNDA:5,(anonymous_5)
FNDA:14,(anonymous_6)
DA:6,14
DA:7,14
DA:8,14
DA:10,14
DA:11,14
DA:12,14
DA:13,14
DA:14,14
DA:15,0
DA:17,0
DA:19,14
DA:20,14
DA:21,14
DA:22,14
DA:23,0
DA:27,14
DA:29,14
DA:30,14
DA:31,14
DA:32,14
DA:33,14
DA:35,0
DA:36,0
DA:37,0
DA:42,14
DA:43,14
DA:46,14
DA:47,5
DA:51,14
DA:52,14
DA:53,14
DA:54,14
LF:32
LH:26
BRDA:15,0,0,0
BRDA:15,0,1,0
BRDA:30,1,0,14
BRDA:30,1,1,0
BRF:4
BRH:1
end_of_record
TN:
SF:src\textBox.js
FN:2,(anonymous_0)
FN:6,(anonymous_1)
FNF:2
FNH:1
FNDA:14,(anonymous_0)
FNDA:0,(anonymous_1)
DA:3,14
DA:4,14
DA:6,14
DA:7,0
DA:8,0
LF:5
LH:3
BRF:0
BRH:0
end_of_record
